2017-03-08 11:24:34 [main] INFO  org.alvin.opsdev.desktop.Application - Starting Application on SH-tangzc with PID 12496 (D:\学习\web-os\web-os-app\target\classes started by tangzhichao in D:\学习\web-os\web-os-app)
2017-03-08 11:24:34 [main] INFO  org.alvin.opsdev.desktop.Application - No active profile set, falling back to default profiles: default
2017-03-08 11:24:35 [main] INFO  o.s.b.c.e.AnnotationConfigEmbeddedWebApplicationContext - Refreshing org.springframework.boot.context.embedded.AnnotationConfigEmbeddedWebApplicationContext@7b463ae1: startup date [Wed Mar 08 11:24:35 CST 2017]; root of context hierarchy
2017-03-08 11:24:35 [background-preinit] INFO  o.h.validator.internal.util.Version - HV000001: Hibernate Validator 5.2.4.Final
2017-03-08 11:24:36 [main] INFO  o.s.b.c.e.t.TomcatEmbeddedServletContainer - Tomcat initialized with port(s): 4005 (http)
2017-03-08 11:24:36 [main] INFO  o.a.catalina.core.StandardService - Starting service Tomcat
2017-03-08 11:24:36 [main] INFO  o.a.catalina.core.StandardEngine - Starting Servlet Engine: Apache Tomcat/8.5.4
2017-03-08 11:24:36 [localhost-startStop-1] INFO  o.a.c.c.C.[Tomcat].[localhost].[/] - Initializing Spring embedded WebApplicationContext
2017-03-08 11:24:36 [localhost-startStop-1] INFO  o.s.web.context.ContextLoader - Root WebApplicationContext: initialization completed in 1850 ms
2017-03-08 11:24:37 [localhost-startStop-1] INFO  o.s.b.w.s.ServletRegistrationBean - Mapping servlet: 'dispatcherServlet' to [/]
2017-03-08 11:24:37 [localhost-startStop-1] INFO  o.s.b.w.s.FilterRegistrationBean - Mapping filter: 'characterEncodingFilter' to: [/*]
2017-03-08 11:24:37 [localhost-startStop-1] INFO  o.s.b.w.s.FilterRegistrationBean - Mapping filter: 'hiddenHttpMethodFilter' to: [/*]
2017-03-08 11:24:37 [localhost-startStop-1] INFO  o.s.b.w.s.FilterRegistrationBean - Mapping filter: 'httpPutFormContentFilter' to: [/*]
2017-03-08 11:24:37 [localhost-startStop-1] INFO  o.s.b.w.s.FilterRegistrationBean - Mapping filter: 'requestContextFilter' to: [/*]
2017-03-08 11:24:37 [main] INFO  o.s.s.c.ThreadPoolTaskScheduler - Initializing ExecutorService  'defaultSockJsTaskScheduler'
2017-03-08 11:24:37 [main] WARN  o.s.w.s.s.s.WebSocketHandlerMapping - Neither 'urlMap' nor 'mappings' set on SimpleUrlHandlerMapping
2017-03-08 11:24:37 [main] INFO  o.s.w.s.m.m.a.RequestMappingHandlerAdapter - Looking for @ControllerAdvice: org.springframework.boot.context.embedded.AnnotationConfigEmbeddedWebApplicationContext@7b463ae1: startup date [Wed Mar 08 11:24:35 CST 2017]; root of context hierarchy
2017-03-08 11:24:37 [main] INFO  o.s.w.s.m.m.a.RequestMappingHandlerMapping - Mapped "{[/api/content/apps/{id}],methods=[GET]}" onto public java.util.List<org.alvin.opsdev.desktop.system.bean.AppBean> org.alvin.opsdev.desktop.system.controller.AppController.contentApps(java.lang.String)
2017-03-08 11:24:37 [main] INFO  o.s.w.s.m.m.a.RequestMappingHandlerMapping - Mapped "{[/api/sidebar/apps],methods=[GET]}" onto public java.util.List<org.alvin.opsdev.desktop.system.bean.AppBean> org.alvin.opsdev.desktop.system.controller.AppController.sidebarApps()
2017-03-08 11:24:37 [main] INFO  o.s.w.s.m.m.a.RequestMappingHandlerMapping - Mapped "{[/api/fisheye/apps],methods=[GET]}" onto public java.util.List<org.alvin.opsdev.desktop.system.bean.AppBean> org.alvin.opsdev.desktop.system.controller.AppController.fishEyeApps()
2017-03-08 11:24:37 [main] INFO  o.s.w.s.m.m.a.RequestMappingHandlerMapping - Mapped "{[/api/tunnel]}" onto public void org.alvin.opsdev.desktop.system.controller.GuacamoleController.doConnect(javax.servlet.http.HttpServletRequest,javax.servlet.http.HttpServletResponse) throws org.apache.guacamole.GuacamoleException,javax.servlet.ServletException
2017-03-08 11:24:37 [main] INFO  o.s.w.s.m.m.a.RequestMappingHandlerMapping - Mapped "{[/]}" onto public java.lang.String org.alvin.opsdev.desktop.system.controller.IndexController.index()
2017-03-08 11:24:37 [main] INFO  o.s.w.s.m.m.a.RequestMappingHandlerMapping - Mapped "{[/api/note],methods=[GET]}" onto public java.util.List<org.alvin.opsdev.desktop.system.bean.NotesBean> org.alvin.opsdev.desktop.system.controller.NotesController.notes()
2017-03-08 11:24:37 [main] INFO  o.s.w.s.m.m.a.RequestMappingHandlerMapping - Mapped "{[/api/setting/rdps],methods=[GET]}" onto public java.util.List<org.alvin.opsdev.desktop.system.bean.RdpBean> org.alvin.opsdev.desktop.system.controller.SettingController.rdps()
2017-03-08 11:24:37 [main] INFO  o.s.w.s.m.m.a.RequestMappingHandlerMapping - Mapped "{[/api/setting/vncs],methods=[GET]}" onto public java.util.List<org.alvin.opsdev.desktop.system.bean.VncBean> org.alvin.opsdev.desktop.system.controller.SettingController.vncs()
2017-03-08 11:24:37 [main] INFO  o.s.w.s.m.m.a.RequestMappingHandlerMapping - Mapped "{[/api/setting/sshs],methods=[GET]}" onto public java.util.List<org.alvin.opsdev.desktop.system.bean.SshBean> org.alvin.opsdev.desktop.system.controller.SettingController.sshs()
2017-03-08 11:24:37 [main] INFO  o.s.w.s.m.m.a.RequestMappingHandlerMapping - Mapped "{[/error]}" onto public org.springframework.http.ResponseEntity<java.util.Map<java.lang.String, java.lang.Object>> org.springframework.boot.autoconfigure.web.BasicErrorController.error(javax.servlet.http.HttpServletRequest)
2017-03-08 11:24:37 [main] INFO  o.s.w.s.m.m.a.RequestMappingHandlerMapping - Mapped "{[/error],produces=[text/html]}" onto public org.springframework.web.servlet.ModelAndView org.springframework.boot.autoconfigure.web.BasicErrorController.errorHtml(javax.servlet.http.HttpServletRequest,javax.servlet.http.HttpServletResponse)
2017-03-08 11:24:37 [main] INFO  o.s.w.s.h.SimpleUrlHandlerMapping - Mapped URL path [/webjars/**] onto handler of type [class org.springframework.web.servlet.resource.ResourceHttpRequestHandler]
2017-03-08 11:24:37 [main] INFO  o.s.w.s.h.SimpleUrlHandlerMapping - Mapped URL path [/**] onto handler of type [class org.springframework.web.servlet.resource.ResourceHttpRequestHandler]
2017-03-08 11:24:37 [main] INFO  o.s.w.s.h.SimpleUrlHandlerMapping - Mapped URL path [/**/favicon.ico] onto handler of type [class org.springframework.web.servlet.resource.ResourceHttpRequestHandler]
2017-03-08 11:24:37 [main] INFO  o.s.w.s.v.f.FreeMarkerConfigurer - ClassTemplateLoader for Spring macros added to FreeMarker configuration
2017-03-08 11:24:37 [main] INFO  o.s.j.e.a.AnnotationMBeanExporter - Registering beans for JMX exposure on startup
2017-03-08 11:24:37 [main] INFO  o.s.c.s.DefaultLifecycleProcessor - Starting beans in phase 2147483647
2017-03-08 11:24:37 [main] INFO  o.a.coyote.http11.Http11NioProtocol - Initializing ProtocolHandler ["http-nio-4005"]
2017-03-08 11:24:37 [main] INFO  o.a.coyote.http11.Http11NioProtocol - Starting ProtocolHandler [http-nio-4005]
2017-03-08 11:24:37 [main] INFO  o.a.tomcat.util.net.NioSelectorPool - Using a shared selector for servlet write/read
2017-03-08 11:24:37 [main] INFO  o.s.b.c.e.t.TomcatEmbeddedServletContainer - Tomcat started on port(s): 4005 (http)
2017-03-08 11:24:37 [main] INFO  org.alvin.opsdev.desktop.Application - Started Application in 3.546 seconds (JVM running for 9.697)
2017-03-08 11:24:57 [http-nio-4005-exec-1] INFO  o.a.c.c.C.[Tomcat].[localhost].[/] - Initializing Spring FrameworkServlet 'dispatcherServlet'
2017-03-08 11:24:57 [http-nio-4005-exec-1] INFO  o.s.web.servlet.DispatcherServlet - FrameworkServlet 'dispatcherServlet': initialization started
2017-03-08 11:24:57 [http-nio-4005-exec-1] INFO  o.s.web.servlet.DispatcherServlet - FrameworkServlet 'dispatcherServlet': initialization completed in 31 ms
